mode: set
github.com/hanifbg/landing_backend/internal/service/payment/impl.go:16.103,19.16 2 1
github.com/hanifbg/landing_backend/internal/service/payment/impl.go:19.16,21.3 1 1
github.com/hanifbg/landing_backend/internal/service/payment/impl.go:23.2,23.30 1 1
github.com/hanifbg/landing_backend/internal/service/payment/impl.go:23.30,25.3 1 1
github.com/hanifbg/landing_backend/internal/service/payment/impl.go:28.2,29.38 2 1
github.com/hanifbg/landing_backend/internal/service/payment/impl.go:29.38,31.3 1 1
github.com/hanifbg/landing_backend/internal/service/payment/impl.go:34.2,59.42 6 1
github.com/hanifbg/landing_backend/internal/service/payment/impl.go:59.42,71.3 2 1
github.com/hanifbg/landing_backend/internal/service/payment/impl.go:74.2,74.57 1 1
github.com/hanifbg/landing_backend/internal/service/payment/impl.go:74.57,76.3 1 1
github.com/hanifbg/landing_backend/internal/service/payment/impl.go:79.2,79.28 1 1
github.com/hanifbg/landing_backend/internal/service/payment/impl.go:79.28,80.71 1 1
github.com/hanifbg/landing_backend/internal/service/payment/impl.go:80.71,82.4 1 0
github.com/hanifbg/landing_backend/internal/service/payment/impl.go:86.2,87.34 2 1
github.com/hanifbg/landing_backend/internal/service/payment/impl.go:87.34,89.17 2 1
github.com/hanifbg/landing_backend/internal/service/payment/impl.go:89.17,91.4 1 0
github.com/hanifbg/landing_backend/internal/service/payment/impl.go:93.3,102.5 1 1
github.com/hanifbg/landing_backend/internal/service/payment/impl.go:105.2,123.27 2 1
github.com/hanifbg/landing_backend/internal/service/payment/impl.go:126.84,129.16 2 1
github.com/hanifbg/landing_backend/internal/service/payment/impl.go:129.16,131.3 1 1
github.com/hanifbg/landing_backend/internal/service/payment/impl.go:134.2,135.40 2 1
github.com/hanifbg/landing_backend/internal/service/payment/impl.go:135.40,146.3 1 1
github.com/hanifbg/landing_backend/internal/service/payment/impl.go:148.2,166.27 2 1
github.com/hanifbg/landing_backend/internal/service/payment/impl.go:169.91,172.16 2 1
github.com/hanifbg/landing_backend/internal/service/payment/impl.go:172.16,174.3 1 1
github.com/hanifbg/landing_backend/internal/service/payment/impl.go:177.2,178.42 2 1
github.com/hanifbg/landing_backend/internal/service/payment/impl.go:178.42,192.3 1 1
github.com/hanifbg/landing_backend/internal/service/payment/impl.go:196.2,222.16 3 1
github.com/hanifbg/landing_backend/internal/service/payment/impl.go:222.16,226.44 2 1
github.com/hanifbg/landing_backend/internal/service/payment/impl.go:226.44,228.4 1 1
github.com/hanifbg/landing_backend/internal/service/payment/impl.go:231.2,231.21 1 1
github.com/hanifbg/landing_backend/internal/service/payment/impl.go:231.21,233.3 1 1
github.com/hanifbg/landing_backend/internal/service/payment/impl.go:235.2,235.26 1 1
github.com/hanifbg/landing_backend/internal/service/payment/impl.go:235.26,237.3 1 0
github.com/hanifbg/landing_backend/internal/service/payment/impl.go:238.2,238.32 1 1
github.com/hanifbg/landing_backend/internal/service/payment/impl.go:238.32,240.3 1 0
github.com/hanifbg/landing_backend/internal/service/payment/impl.go:243.2,260.61 3 1
github.com/hanifbg/landing_backend/internal/service/payment/impl.go:260.61,262.3 1 1
github.com/hanifbg/landing_backend/internal/service/payment/impl.go:265.2,274.8 1 1
github.com/hanifbg/landing_backend/internal/service/payment/impl.go:277.102,280.16 2 1
github.com/hanifbg/landing_backend/internal/service/payment/impl.go:280.16,282.3 1 1
github.com/hanifbg/landing_backend/internal/service/payment/impl.go:285.2,294.8 1 1
github.com/hanifbg/landing_backend/internal/service/payment/impl.go:297.107,300.25 2 1
github.com/hanifbg/landing_backend/internal/service/payment/impl.go:300.25,302.3 1 1
github.com/hanifbg/landing_backend/internal/service/payment/impl.go:304.2,305.19 2 1
github.com/hanifbg/landing_backend/internal/service/payment/impl.go:305.19,307.3 1 1
github.com/hanifbg/landing_backend/internal/service/payment/impl.go:310.2,311.16 2 1
github.com/hanifbg/landing_backend/internal/service/payment/impl.go:311.16,313.3 1 1
github.com/hanifbg/landing_backend/internal/service/payment/impl.go:316.2,316.33 1 1
github.com/hanifbg/landing_backend/internal/service/payment/impl.go:316.33,318.3 1 1
github.com/hanifbg/landing_backend/internal/service/payment/impl.go:321.2,322.29 2 1
github.com/hanifbg/landing_backend/internal/service/payment/impl.go:322.29,324.3 1 0
github.com/hanifbg/landing_backend/internal/service/payment/impl.go:327.2,328.23 2 1
github.com/hanifbg/landing_backend/internal/service/payment/impl.go:328.23,330.3 1 0
github.com/hanifbg/landing_backend/internal/service/payment/impl.go:333.2,333.21 1 1
github.com/hanifbg/landing_backend/internal/service/payment/impl.go:334.21,335.57 1 1
github.com/hanifbg/landing_backend/internal/service/payment/impl.go:336.23,337.59 1 1
github.com/hanifbg/landing_backend/internal/service/payment/impl.go:338.28,339.54 1 0
github.com/hanifbg/landing_backend/internal/service/payment/impl.go:340.14,341.51 1 0
github.com/hanifbg/landing_backend/internal/service/payment/impl.go:342.16,343.59 1 0
github.com/hanifbg/landing_backend/internal/service/payment/impl.go:347.2,348.30 2 1
github.com/hanifbg/landing_backend/internal/service/payment/impl.go:348.30,351.17 3 1
github.com/hanifbg/landing_backend/internal/service/payment/impl.go:351.17,353.4 1 1
github.com/hanifbg/landing_backend/internal/service/payment/impl.go:357.2,360.27 3 1
github.com/hanifbg/landing_backend/internal/service/payment/impl.go:361.31,363.29 2 1
github.com/hanifbg/landing_backend/internal/service/payment/impl.go:364.17,366.26 2 1
github.com/hanifbg/landing_backend/internal/service/payment/impl.go:367.34,369.28 2 1
github.com/hanifbg/landing_backend/internal/service/payment/impl.go:370.16,372.27 2 0
github.com/hanifbg/landing_backend/internal/service/payment/impl.go:373.10,374.73 1 1
github.com/hanifbg/landing_backend/internal/service/payment/impl.go:378.2,384.16 5 1
github.com/hanifbg/landing_backend/internal/service/payment/impl.go:384.16,385.78 1 1
github.com/hanifbg/landing_backend/internal/service/payment/impl.go:385.78,387.4 1 1
github.com/hanifbg/landing_backend/internal/service/payment/impl.go:391.2,391.61 1 1
github.com/hanifbg/landing_backend/internal/service/payment/impl.go:391.61,393.3 1 1
github.com/hanifbg/landing_backend/internal/service/payment/impl.go:396.2,396.78 1 1
github.com/hanifbg/landing_backend/internal/service/payment/impl.go:396.78,398.3 1 1
github.com/hanifbg/landing_backend/internal/service/payment/impl.go:400.2,400.12 1 1
github.com/hanifbg/landing_backend/internal/service/payment/init.go:20.150,26.2 1 1
github.com/hanifbg/landing_backend/internal/service/payment/init.go:29.175,33.18 2 1
github.com/hanifbg/landing_backend/internal/service/payment/init.go:33.18,35.3 1 1
github.com/hanifbg/landing_backend/internal/service/payment/init.go:38.2,45.3 3 1
