mode: set
github.com/hanifbg/landing_backend/internal/service/shipping/mocks/rajaongkir_client_mock.go:26.95,30.2 3 0
github.com/hanifbg/landing_backend/internal/service/shipping/mocks/rajaongkir_client_mock.go:33.93,35.2 1 0
github.com/hanifbg/landing_backend/internal/service/shipping/mocks/rajaongkir_client_mock.go:38.154,44.2 5 0
github.com/hanifbg/landing_backend/internal/service/shipping/mocks/rajaongkir_client_mock.go:47.139,50.2 2 0
github.com/hanifbg/landing_backend/internal/service/shipping/mocks/rajaongkir_client_mock.go:53.113,59.2 5 0
github.com/hanifbg/landing_backend/internal/service/shipping/mocks/rajaongkir_client_mock.go:62.109,65.2 2 0
github.com/hanifbg/landing_backend/internal/service/shipping/mocks/rajaongkir_client_mock.go:68.112,74.2 5 0
github.com/hanifbg/landing_backend/internal/service/shipping/mocks/rajaongkir_client_mock.go:77.104,80.2 2 0
github.com/hanifbg/landing_backend/internal/service/shipping/mocks/rajaongkir_client_mock.go:83.108,89.2 5 0
github.com/hanifbg/landing_backend/internal/service/shipping/mocks/rajaongkir_client_mock.go:92.100,95.2 2 0
github.com/hanifbg/landing_backend/internal/service/shipping/mocks/shipping_repository_mock.go:26.81,30.2 3 0
github.com/hanifbg/landing_backend/internal/service/shipping/mocks/shipping_repository_mock.go:33.79,35.2 1 0
github.com/hanifbg/landing_backend/internal/service/shipping/mocks/shipping_repository_mock.go:38.147,44.2 5 0
github.com/hanifbg/landing_backend/internal/service/shipping/mocks/shipping_repository_mock.go:47.132,50.2 2 0
github.com/hanifbg/landing_backend/internal/service/shipping/mocks/shipping_repository_mock.go:53.106,59.2 5 0
github.com/hanifbg/landing_backend/internal/service/shipping/mocks/shipping_repository_mock.go:62.102,65.2 2 0
github.com/hanifbg/landing_backend/internal/service/shipping/mocks/shipping_repository_mock.go:68.101,74.2 5 0
github.com/hanifbg/landing_backend/internal/service/shipping/mocks/shipping_repository_mock.go:77.93,80.2 2 0
github.com/hanifbg/landing_backend/internal/service/shipping/mocks/shipping_repository_mock.go:83.105,89.2 5 0
github.com/hanifbg/landing_backend/internal/service/shipping/mocks/shipping_repository_mock.go:92.97,95.2 2 0
